=== CF Debug Log ===
App: Manga Reader
Platform: ios 26.3
Started: 2026-01-01T14:28:59.418Z
===================

[2026-01-01 14:28:59.419] [System] Logger initialized
  platform: ios
  version: 26.3
[2026-01-01 14:29:04.853] [CF Challenge] State: detected
  url: https://kissmanga.in/kissmanga/?m_orderby=latest
  status: 403
  currentRetries: 0
  maxRetries: 1
[2026-01-01 14:29:04.855] [CF Interceptor] Auto-solve started
  url: https://kissmanga.in/kissmanga/?m_orderby=latest
  domain: kissmanga.in
  attempt: 1
  maxRetries: 1
[2026-01-01 14:29:13.825] [CF Challenge] State: modal-opened
  url: https://kissmanga.in/kissmanga/?m_orderby=latest
  trigger: manual-challenge-handler
[2026-01-01 14:29:20.842] [WebViewFetcher] Auto-dismiss - cf_clearance found
  pollingDurationMs: 15
  hasCookies: true
  cookieLength: 900
[2026-01-01 14:29:21.330] [CF Challenge] State: detected
  url: https://kissmanga.in/kissmanga/?m_orderby=latest
  status: 403
  currentRetries: 0
  maxRetries: 1
[2026-01-01 14:29:21.332] [CF Interceptor] Auto-solve started
  url: https://kissmanga.in/kissmanga/?m_orderby=latest
  domain: kissmanga.in
  attempt: 1
  maxRetries: 1
[2026-01-01 14:29:23.304] [CF Challenge] State: modal-opened
  url: https://kissmanga.in/kissmanga/?m_orderby=latest
  trigger: manual-challenge-handler
[2026-01-01 14:29:30.322] [WebViewFetcher] Auto-dismiss - cf_clearance found
  pollingDurationMs: 14
  hasCookies: true
  cookieLength: 900
[2026-01-01 14:29:30.636] [CF Challenge] State: detected
  url: https://kissmanga.in/kissmanga/?m_orderby=latest
  status: 403
  currentRetries: 0
  maxRetries: 1
[2026-01-01 14:29:30.637] [CF Interceptor] Auto-solve started
  url: https://kissmanga.in/kissmanga/?m_orderby=latest
  domain: kissmanga.in
  attempt: 1
  maxRetries: 1
[2026-01-01 14:29:34.985] [CF Challenge] State: modal-opened
  url: https://kissmanga.in/kissmanga/?m_orderby=latest
  trigger: manual-challenge-handler
[2026-01-01 14:29:42.006] [WebViewFetcher] Auto-dismiss - cf_clearance found
  pollingDurationMs: 18
  hasCookies: true
  cookieLength: 900
[2026-01-01 14:29:42.608] [CF Challenge] State: detected
  url: https://kissmanga.in/kissmanga/?m_orderby=latest
  status: 403
  currentRetries: 0
  maxRetries: 1
[2026-01-01 14:29:42.610] [CF Interceptor] Auto-solve started
  url: https://kissmanga.in/kissmanga/?m_orderby=latest
  domain: kissmanga.in
  attempt: 1
  maxRetries: 1
[2026-01-01 14:29:49.940] [CF Challenge] State: modal-opened
  url: https://kissmanga.in/kissmanga/?m_orderby=latest
  trigger: manual-challenge-handler
[2026-01-01 14:29:51.194] [CF Challenge] State: cancelled
  trigger: user-pressed-cancel
